<?xml version="1.0" encoding="UTF-8"?>
<!-- Generated by org.testng.reporters.JUnitReportReporter -->
<testsuite hostname="DESKTOP-PF4I4LN" failures="0" tests="1" name="com.crm.verizon.createSalesOrderTest.CreateSalesOrderTest" time="15.657" errors="0" timestamp="2025-03-13T16:33:39 IST" skipped="0">
  <testcase classname="com.crm.verizon.createSalesOrderTest.CreateSalesOrderTest" name="createSalesOrder" time="15.657"/>
</testsuite> <!-- com.crm.verizon.createSalesOrderTest.CreateSalesOrderTest -->
